<?xml version="1.0" encoding="UTF-8"?>
<testsuite name="com.delve.hungrywalrus.ui.screen.recipes.RecipeDetailViewModelTest" tests="4" skipped="0" failures="0" errors="0" timestamp="2026-03-21T20:06:15" hostname="ravenclaw" time="0.023">
  <properties/>
  <testcase name="emits NotFound when recipe is null" classname="com.delve.hungrywalrus.ui.screen.recipes.RecipeDetailViewModelTest" time="0.005"/>
  <testcase name="initial state is Loading" classname="com.delve.hungrywalrus.ui.screen.recipes.RecipeDetailViewModelTest" time="0.006"/>
  <testcase name="emits Content when recipe found" classname="com.delve.hungrywalrus.ui.screen.recipes.RecipeDetailViewModelTest" time="0.006"/>
  <testcase name="deleteRecipe calls repository and emits event" classname="com.delve.hungrywalrus.ui.screen.recipes.RecipeDetailViewModelTest" time="0.006"/>
  <system-out><![CDATA[]]></system-out>
  <system-err><![CDATA[]]></system-err>
</testsuite>
