<?xml version="1.0" encoding="UTF-8"?>
<testsuite name="com.delve.hungrywalrus.ui.screen.summaries.SummariesViewModelTest" tests="11" skipped="0" failures="0" errors="0" timestamp="2026-03-26T08:41:12" hostname="ravenclaw" time="0.08">
  <properties/>
  <testcase name="selectTab switches to 28 day and reloads" classname="com.delve.hungrywalrus.ui.screen.summaries.SummariesViewModelTest" time="0.009"/>
  <testcase name="dailyAverage is total intake divided by period days" classname="com.delve.hungrywalrus.ui.screen.summaries.SummariesViewModelTest" time="0.006"/>
  <testcase name="initial state is Loading" classname="com.delve.hungrywalrus.ui.screen.summaries.SummariesViewModelTest" time="0.006"/>
  <testcase name="buildDailyPlans does not issue a redundant query for today" classname="com.delve.hungrywalrus.ui.screen.summaries.SummariesViewModelTest" time="0.006"/>
  <testcase name="loads summary with plan as Content state" classname="com.delve.hungrywalrus.ui.screen.summaries.SummariesViewModelTest" time="0.006"/>
  <testcase name="buildDailyPlans queries planRepo for all dates in the 7-day period" classname="com.delve.hungrywalrus.ui.screen.summaries.SummariesViewModelTest" time="0.008"/>
  <testcase name="shows Content when plan is only set for today and fallback covers earlier days" classname="com.delve.hungrywalrus.ui.screen.summaries.SummariesViewModelTest" time="0.007"/>
  <testcase name="summary updates reactively when new entries are logged" classname="com.delve.hungrywalrus.ui.screen.summaries.SummariesViewModelTest" time="0.008"/>
  <testcase name="reloadSummary after selectTab reloads the 28-day tab" classname="com.delve.hungrywalrus.ui.screen.summaries.SummariesViewModelTest" time="0.009"/>
  <testcase name="loads 7 day summary with no plan as NoPlan state" classname="com.delve.hungrywalrus.ui.screen.summaries.SummariesViewModelTest" time="0.006"/>
  <testcase name="reloadSummary re-fetches plan data and emits fresh state" classname="com.delve.hungrywalrus.ui.screen.summaries.SummariesViewModelTest" time="0.007"/>
  <system-out><![CDATA[]]></system-out>
  <system-err><![CDATA[]]></system-err>
</testsuite>
