<?xml version="1.0" encoding="UTF-8"?>
<testsuite name="com.delve.hungrywalrus.ui.screen.plan.PlanViewModelEdgeCaseTest" tests="10" skipped="0" failures="0" errors="0" timestamp="2026-03-21T20:06:15" hostname="ravenclaw" time="0.034">
  <properties/>
  <testcase name="Content state reflects current plan from repository" classname="com.delve.hungrywalrus.ui.screen.plan.PlanViewModelEdgeCaseTest" time="0.008"/>
  <testcase name="savePlan rejects non-numeric input for macros" classname="com.delve.hungrywalrus.ui.screen.plan.PlanViewModelEdgeCaseTest" time="0.003"/>
  <testcase name="savePlan rejects negative kcal" classname="com.delve.hungrywalrus.ui.screen.plan.PlanViewModelEdgeCaseTest" time="0.002"/>
  <testcase name="savePlan emits PlanSaved event after successful save" classname="com.delve.hungrywalrus.ui.screen.plan.PlanViewModelEdgeCaseTest" time="0.005"/>
  <testcase name="savePlan rejects zero kcal" classname="com.delve.hungrywalrus.ui.screen.plan.PlanViewModelEdgeCaseTest" time="0.002"/>
  <testcase name="Content state plan is null when no plan configured" classname="com.delve.hungrywalrus.ui.screen.plan.PlanViewModelEdgeCaseTest" time="0.004"/>
  <testcase name="savePlan accepts zero for protein, carbs, and fat (edge of valid range)" classname="com.delve.hungrywalrus.ui.screen.plan.PlanViewModelEdgeCaseTest" time="0.001"/>
  <testcase name="savePlan calls repository with correct parsed values" classname="com.delve.hungrywalrus.ui.screen.plan.PlanViewModelEdgeCaseTest" time="0.003"/>
  <testcase name="initial state is Loading before getCurrentPlan emits" classname="com.delve.hungrywalrus.ui.screen.plan.PlanViewModelEdgeCaseTest" time="0.003"/>
  <testcase name="savePlan rejects empty string for all fields" classname="com.delve.hungrywalrus.ui.screen.plan.PlanViewModelEdgeCaseTest" time="0.001"/>
  <system-out><![CDATA[]]></system-out>
  <system-err><![CDATA[]]></system-err>
</testsuite>
