<?xml version="1.0" encoding="UTF-8"?>
<testsuite name="com.delve.hungrywalrus.domain.usecase.ValidateFoodDataUseCaseEdgeCaseTest" tests="13" skipped="0" failures="0" errors="0" timestamp="2026-03-26T08:41:11" hostname="ravenclaw" time="0.004">
  <properties/>
  <testcase name="applyOverrides throws for negative fatPer100g" classname="com.delve.hungrywalrus.domain.usecase.ValidateFoodDataUseCaseEdgeCaseTest" time="0.0"/>
  <testcase name="applyOverrides throws for negative proteinPer100g" classname="com.delve.hungrywalrus.domain.usecase.ValidateFoodDataUseCaseEdgeCaseTest" time="0.0"/>
  <testcase name="applyOverrides called multiple times is idempotent when values unchanged" classname="com.delve.hungrywalrus.domain.usecase.ValidateFoodDataUseCaseEdgeCaseTest" time="0.001"/>
  <testcase name="applyOverrides throws for negative carbsPer100g" classname="com.delve.hungrywalrus.domain.usecase.ValidateFoodDataUseCaseEdgeCaseTest" time="0.0"/>
  <testcase name="applyOverrides replaces existing non-null kcal when a non-null override is provided" classname="com.delve.hungrywalrus.domain.usecase.ValidateFoodDataUseCaseEdgeCaseTest" time="0.0"/>
  <testcase name="applyOverrides throws for negative kcalPer100g" classname="com.delve.hungrywalrus.domain.usecase.ValidateFoodDataUseCaseEdgeCaseTest" time="0.0"/>
  <testcase name="applyOverrides accepts zero as a valid override for kcal" classname="com.delve.hungrywalrus.domain.usecase.ValidateFoodDataUseCaseEdgeCaseTest" time="0.0"/>
  <testcase name="entry cannot be considered complete until all missing fields are overridden" classname="com.delve.hungrywalrus.domain.usecase.ValidateFoodDataUseCaseEdgeCaseTest" time="0.0"/>
  <testcase name="isComplete returns false when all four fields are missing" classname="com.delve.hungrywalrus.domain.usecase.ValidateFoodDataUseCaseEdgeCaseTest" time="0.0"/>
  <testcase name="isComplete returns true when all four fields are present" classname="com.delve.hungrywalrus.domain.usecase.ValidateFoodDataUseCaseEdgeCaseTest" time="0.0"/>
  <testcase name="missingFields remains non-empty when not all missing fields are filled" classname="com.delve.hungrywalrus.domain.usecase.ValidateFoodDataUseCaseEdgeCaseTest" time="0.0"/>
  <testcase name="applyOverrides preserves existing non-null kcal when override is null" classname="com.delve.hungrywalrus.domain.usecase.ValidateFoodDataUseCaseEdgeCaseTest" time="0.001"/>
  <testcase name="applyOverrides accepts zero for all macros simultaneously" classname="com.delve.hungrywalrus.domain.usecase.ValidateFoodDataUseCaseEdgeCaseTest" time="0.0"/>
  <system-out><![CDATA[]]></system-out>
  <system-err><![CDATA[]]></system-err>
</testsuite>
