<?xml version="1.0" encoding="UTF-8"?>
<testsuite name="com.delve.hungrywalrus.util.FormatterTest" tests="9" skipped="0" failures="0" errors="0" timestamp="2026-03-22T14:56:11" hostname="ravenclaw" time="0.004">
  <properties/>
  <testcase name="formatDate handles single digit day and month" classname="com.delve.hungrywalrus.util.FormatterTest" time="0.0"/>
  <testcase name="formatKcal uses comma thousands separator" classname="com.delve.hungrywalrus.util.FormatterTest" time="0.001"/>
  <testcase name="roundKcal returns whole number" classname="com.delve.hungrywalrus.util.FormatterTest" time="0.0"/>
  <testcase name="formatKcal rounds to nearest whole number" classname="com.delve.hungrywalrus.util.FormatterTest" time="0.001"/>
  <testcase name="roundMacro returns numeric value rounded to nearest 0_5" classname="com.delve.hungrywalrus.util.FormatterTest" time="0.0"/>
  <testcase name="formatMacro handles whole numbers" classname="com.delve.hungrywalrus.util.FormatterTest" time="0.001"/>
  <testcase name="formatMacro rounds to nearest 0_5g" classname="com.delve.hungrywalrus.util.FormatterTest" time="0.001"/>
  <testcase name="formatDate formats LocalDate as dd-MM-yyyy UK style" classname="com.delve.hungrywalrus.util.FormatterTest" time="0.0"/>
  <testcase name="formatMacro handles zero" classname="com.delve.hungrywalrus.util.FormatterTest" time="0.0"/>
  <system-out><![CDATA[]]></system-out>
  <system-err><![CDATA[]]></system-err>
</testsuite>
