<?xml version="1.0" encoding="UTF-8"?>
<testsuite name="com.delve.hungrywalrus.ui.screen.dailyprogress.DailyProgressViewModelTest" tests="4" skipped="0" failures="0" errors="0" timestamp="2026-03-22T14:56:11" hostname="ravenclaw" time="0.031">
  <properties/>
  <testcase name="initial state is Loading" classname="com.delve.hungrywalrus.ui.screen.dailyprogress.DailyProgressViewModelTest" time="0.007"/>
  <testcase name="deleteEntry calls repository" classname="com.delve.hungrywalrus.ui.screen.dailyprogress.DailyProgressViewModelTest" time="0.008"/>
  <testcase name="emits Content with totals when data available" classname="com.delve.hungrywalrus.ui.screen.dailyprogress.DailyProgressViewModelTest" time="0.009"/>
  <testcase name="emits Content with null plan when no plan configured" classname="com.delve.hungrywalrus.ui.screen.dailyprogress.DailyProgressViewModelTest" time="0.007"/>
  <system-out><![CDATA[]]></system-out>
  <system-err><![CDATA[]]></system-err>
</testsuite>
