<?xml version="1.0" encoding="UTF-8"?>
<testsuite name="com.delve.hungrywalrus.ui.screen.plan.PlanViewModelTest" tests="5" skipped="0" failures="0" errors="0" timestamp="2026-03-21T20:06:15" hostname="ravenclaw" time="0.019">
  <properties/>
  <testcase name="initial state is Loading" classname="com.delve.hungrywalrus.ui.screen.plan.PlanViewModelTest" time="0.003"/>
  <testcase name="savePlan with valid input calls repository and emits event" classname="com.delve.hungrywalrus.ui.screen.plan.PlanViewModelTest" time="0.005"/>
  <testcase name="savePlan rejects zero kcal but accepts zero macros" classname="com.delve.hungrywalrus.ui.screen.plan.PlanViewModelTest" time="0.002"/>
  <testcase name="savePlan with invalid input emits ValidationError" classname="com.delve.hungrywalrus.ui.screen.plan.PlanViewModelTest" time="0.003"/>
  <testcase name="loads existing plan into Content state" classname="com.delve.hungrywalrus.ui.screen.plan.PlanViewModelTest" time="0.006"/>
  <system-out><![CDATA[]]></system-out>
  <system-err><![CDATA[]]></system-err>
</testsuite>
