<?xml version="1.0" encoding="UTF-8"?>
<testsuite name="com.delve.hungrywalrus.domain.model.FoodSearchResultTest" tests="4" skipped="0" failures="0" errors="0" timestamp="2026-03-19T17:24:15" hostname="ravenclaw" time="0.02">
  <properties/>
  <testcase name="FoodSearchResult with all values has empty missingFields" classname="com.delve.hungrywalrus.domain.model.FoodSearchResultTest" time="0.003"/>
  <testcase name="FoodSource enum has three values" classname="com.delve.hungrywalrus.domain.model.FoodSearchResultTest" time="0.0"/>
  <testcase name="FoodSearchResult missing values reflected in missingFields" classname="com.delve.hungrywalrus.domain.model.FoodSearchResultTest" time="0.016"/>
  <testcase name="NutritionField enum has four values" classname="com.delve.hungrywalrus.domain.model.FoodSearchResultTest" time="0.0"/>
  <system-out><![CDATA[]]></system-out>
  <system-err><![CDATA[]]></system-err>
</testsuite>
