<?xml version="1.0" encoding="UTF-8"?>
<testsuite name="com.delve.hungrywalrus.domain.usecase.ValidateFoodDataUseCaseTest" tests="6" skipped="0" failures="0" errors="0" timestamp="2026-03-26T08:41:11" hostname="ravenclaw" time="0.002">
  <properties/>
  <testcase name="isComplete returns true when missingFields is empty" classname="com.delve.hungrywalrus.domain.usecase.ValidateFoodDataUseCaseTest" time="0.0"/>
  <testcase name="applyOverrides fills multiple missing fields" classname="com.delve.hungrywalrus.domain.usecase.ValidateFoodDataUseCaseTest" time="0.001"/>
  <testcase name="applyOverrides fills missing kcal" classname="com.delve.hungrywalrus.domain.usecase.ValidateFoodDataUseCaseTest" time="0.0"/>
  <testcase name="applyOverrides does not replace existing value with null" classname="com.delve.hungrywalrus.domain.usecase.ValidateFoodDataUseCaseTest" time="0.0"/>
  <testcase name="applyOverrides re-derives missingFields after override" classname="com.delve.hungrywalrus.domain.usecase.ValidateFoodDataUseCaseTest" time="0.0"/>
  <testcase name="isComplete returns false when missingFields is non-empty" classname="com.delve.hungrywalrus.domain.usecase.ValidateFoodDataUseCaseTest" time="0.0"/>
  <system-out><![CDATA[]]></system-out>
  <system-err><![CDATA[]]></system-err>
</testsuite>
