<?xml version="1.0" encoding="UTF-8"?>
<testsuite name="com.delve.hungrywalrus.domain.usecase.ComputeRollingSummaryUseCaseTest" tests="8" skipped="0" failures="0" errors="0" timestamp="2026-03-20T12:15:18" hostname="ravenclaw" time="0.034">
  <properties/>
  <testcase name="computes correct daily average" classname="com.delve.hungrywalrus.domain.usecase.ComputeRollingSummaryUseCaseTest" time="0.02"/>
  <testcase name="startDate and endDate are preserved in result" classname="com.delve.hungrywalrus.domain.usecase.ComputeRollingSummaryUseCaseTest" time="0.001"/>
  <testcase name="sums per-day targets when plan exists for every day" classname="com.delve.hungrywalrus.domain.usecase.ComputeRollingSummaryUseCaseTest" time="0.006"/>
  <testcase name="returns zero intake when no entries" classname="com.delve.hungrywalrus.domain.usecase.ComputeRollingSummaryUseCaseTest" time="0.001"/>
  <testcase name="handles plan changes mid-period" classname="com.delve.hungrywalrus.domain.usecase.ComputeRollingSummaryUseCaseTest" time="0.002"/>
  <testcase name="periodDays is inclusive of start and end" classname="com.delve.hungrywalrus.domain.usecase.ComputeRollingSummaryUseCaseTest" time="0.0"/>
  <testcase name="computes correct total intake from entries" classname="com.delve.hungrywalrus.domain.usecase.ComputeRollingSummaryUseCaseTest" time="0.001"/>
  <testcase name="returns null target when dailyPlans has no non-null values" classname="com.delve.hungrywalrus.domain.usecase.ComputeRollingSummaryUseCaseTest" time="0.0"/>
  <system-out><![CDATA[]]></system-out>
  <system-err><![CDATA[]]></system-err>
</testsuite>
