<?xml version="1.0" encoding="UTF-8"?>
<testsuite name="com.delve.hungrywalrus.data.repository.FoodLookupRepositoryImplTest" tests="11" skipped="0" failures="0" errors="0" timestamp="2026-03-20T08:52:17" hostname="ravenclaw" time="3.171">
  <properties/>
  <testcase name="searchUsda returns failure with too many requests message on HTTP 429" classname="com.delve.hungrywalrus.data.repository.FoodLookupRepositoryImplTest" time="2.816"/>
  <testcase name="searchOpenFoodFacts caches results after successful search" classname="com.delve.hungrywalrus.data.repository.FoodLookupRepositoryImplTest" time="0.09"/>
  <testcase name="searchOpenFoodFacts returns failure with OfflineException on IOException" classname="com.delve.hungrywalrus.data.repository.FoodLookupRepositoryImplTest" time="0.011"/>
  <testcase name="lookupBarcode returns success null when API returns status 0" classname="com.delve.hungrywalrus.data.repository.FoodLookupRepositoryImplTest" time="0.199"/>
  <testcase name="cache older than 30 days is treated as expired and network is attempted" classname="com.delve.hungrywalrus.data.repository.FoodLookupRepositoryImplTest" time="0.015"/>
  <testcase name="searchUsda returns failure with invalid API key message on HTTP 403" classname="com.delve.hungrywalrus.data.repository.FoodLookupRepositoryImplTest" time="0.007"/>
  <testcase name="cache within 30 days is not expired and network is not called" classname="com.delve.hungrywalrus.data.repository.FoodLookupRepositoryImplTest" time="0.006"/>
  <testcase name="lookupBarcode returns cached result without network call when cache is fresh" classname="com.delve.hungrywalrus.data.repository.FoodLookupRepositoryImplTest" time="0.007"/>
  <testcase name="searchUsda caches each result after successful search" classname="com.delve.hungrywalrus.data.repository.FoodLookupRepositoryImplTest" time="0.008"/>
  <testcase name="searchUsda returns failure with OfflineException on IOException" classname="com.delve.hungrywalrus.data.repository.FoodLookupRepositoryImplTest" time="0.005"/>
  <testcase name="lookupBarcode returns expired cache when device is offline" classname="com.delve.hungrywalrus.data.repository.FoodLookupRepositoryImplTest" time="0.006"/>
  <system-out><![CDATA[]]></system-out>
  <system-err><![CDATA[]]></system-err>
</testsuite>
