<?xml version="1.0" encoding="UTF-8"?>
<testsuite name="com.delve.hungrywalrus.domain.usecase.ComputeRollingSummaryUseCaseEdgeCaseTest" tests="7" skipped="0" failures="0" errors="0" timestamp="2026-03-26T08:41:11" hostname="ravenclaw" time="0.004">
  <properties/>
  <testcase name="totalTarget is null for 28-day window when any day is missing a plan" classname="com.delve.hungrywalrus.domain.usecase.ComputeRollingSummaryUseCaseEdgeCaseTest" time="0.001"/>
  <testcase name="total intake sums all entries regardless of date field on entry" classname="com.delve.hungrywalrus.domain.usecase.ComputeRollingSummaryUseCaseEdgeCaseTest" time="0.0"/>
  <testcase name="very large entry values are accumulated without overflow" classname="com.delve.hungrywalrus.domain.usecase.ComputeRollingSummaryUseCaseEdgeCaseTest" time="0.0"/>
  <testcase name="dailyAverage is zero for all nutrients when entries list is empty" classname="com.delve.hungrywalrus.domain.usecase.ComputeRollingSummaryUseCaseEdgeCaseTest" time="0.0"/>
  <testcase name="periodDays for 28-day window is exactly 28" classname="com.delve.hungrywalrus.domain.usecase.ComputeRollingSummaryUseCaseEdgeCaseTest" time="0.0"/>
  <testcase name="28-day window accumulates 28 days of plan targets" classname="com.delve.hungrywalrus.domain.usecase.ComputeRollingSummaryUseCaseEdgeCaseTest" time="0.001"/>
  <testcase name="mid-period plan change accumulates different targets for each day" classname="com.delve.hungrywalrus.domain.usecase.ComputeRollingSummaryUseCaseEdgeCaseTest" time="0.0"/>
  <system-out><![CDATA[]]></system-out>
  <system-err><![CDATA[]]></system-err>
</testsuite>
