<?xml version="1.0" encoding="UTF-8"?>
<testsuite name="com.delve.hungrywalrus.ui.screen.settings.SettingsViewModelTest" tests="5" skipped="0" failures="0" errors="0" timestamp="2026-03-21T20:06:15" hostname="ravenclaw" time="0.02">
  <properties/>
  <testcase name="initial state reflects stored key" classname="com.delve.hungrywalrus.ui.screen.settings.SettingsViewModelTest" time="0.004"/>
  <testcase name="saveKey with blank string does nothing" classname="com.delve.hungrywalrus.ui.screen.settings.SettingsViewModelTest" time="0.003"/>
  <testcase name="initial state reflects no key" classname="com.delve.hungrywalrus.ui.screen.settings.SettingsViewModelTest" time="0.003"/>
  <testcase name="saveKey stores key and emits event" classname="com.delve.hungrywalrus.ui.screen.settings.SettingsViewModelTest" time="0.005"/>
  <testcase name="clearKey removes key and emits event" classname="com.delve.hungrywalrus.ui.screen.settings.SettingsViewModelTest" time="0.005"/>
  <system-out><![CDATA[]]></system-out>
  <system-err><![CDATA[]]></system-err>
</testsuite>
