<?xml version="1.0" encoding="UTF-8"?>
<testsuite name="com.delve.hungrywalrus.integration.FoodLookupIntegrationTest" tests="16" skipped="0" failures="0" errors="0" timestamp="2026-03-22T14:56:11" hostname="ravenclaw" time="0.11">
  <properties/>
  <testcase name="searchOpenFoodFacts returns mapped results" classname="com.delve.hungrywalrus.integration.FoodLookupIntegrationTest" time="0.005"/>
  <testcase name="lookupBarcode returns null when product not found (status 0)" classname="com.delve.hungrywalrus.integration.FoodLookupIntegrationTest" time="0.006"/>
  <testcase name="searchUsda returns OfflineException on IOException" classname="com.delve.hungrywalrus.integration.FoodLookupIntegrationTest" time="0.005"/>
  <testcase name="lookupBarcode returns failure on HttpException 500 even when stale cache exists" classname="com.delve.hungrywalrus.integration.FoodLookupIntegrationTest" time="0.043"/>
  <testcase name="searchOpenFoodFacts result with all null nutriments has all four missing fields" classname="com.delve.hungrywalrus.integration.FoodLookupIntegrationTest" time="0.003"/>
  <testcase name="lookupBarcode returns stale cache on IOException (offline)" classname="com.delve.hungrywalrus.integration.FoodLookupIntegrationTest" time="0.005"/>
  <testcase name="searchOpenFoodFacts returns OfflineException on IOException" classname="com.delve.hungrywalrus.integration.FoodLookupIntegrationTest" time="0.003"/>
  <testcase name="lookupBarcode result with missing nutriments has all four fields in missingFields" classname="com.delve.hungrywalrus.integration.FoodLookupIntegrationTest" time="0.005"/>
  <testcase name="searchUsda returns failure with Invalid API key message on HTTP 403" classname="com.delve.hungrywalrus.integration.FoodLookupIntegrationTest" time="0.003"/>
  <testcase name="searchUsda returns failure on unexpected exception" classname="com.delve.hungrywalrus.integration.FoodLookupIntegrationTest" time="0.006"/>
  <testcase name="lookupBarcode returns success null on HTTP 404" classname="com.delve.hungrywalrus.integration.FoodLookupIntegrationTest" time="0.006"/>
  <testcase name="searchUsda returns mapped FoodSearchResult with correct nutrient values" classname="com.delve.hungrywalrus.integration.FoodLookupIntegrationTest" time="0.004"/>
  <testcase name="searchUsda returns failure with Too many requests message on HTTP 429" classname="com.delve.hungrywalrus.integration.FoodLookupIntegrationTest" time="0.004"/>
  <testcase name="searchUsda result with missing kcal has KCAL in missingFields and is not complete" classname="com.delve.hungrywalrus.integration.FoodLookupIntegrationTest" time="0.003"/>
  <testcase name="lookupBarcode uses cached result when cache is fresh" classname="com.delve.hungrywalrus.integration.FoodLookupIntegrationTest" time="0.003"/>
  <testcase name="complete barcode lookup result satisfies validateUseCase isComplete" classname="com.delve.hungrywalrus.integration.FoodLookupIntegrationTest" time="0.005"/>
  <system-out><![CDATA[]]></system-out>
  <system-err><![CDATA[]]></system-err>
</testsuite>
