<?xml version="1.0" encoding="UTF-8"?>
<testsuite name="com.delve.hungrywalrus.integration.AddEntryViewModelIntegrationTest" tests="12" skipped="0" failures="0" errors="0" timestamp="2026-03-22T14:56:10" hostname="ravenclaw" time="0.316">
  <properties/>
  <testcase name="searchOff with no results sets NoResults state" classname="com.delve.hungrywalrus.integration.AddEntryViewModelIntegrationTest" time="0.22"/>
  <testcase name="saveEntry creates LogEntry with correctly scaled values from food" classname="com.delve.hungrywalrus.integration.AddEntryViewModelIntegrationTest" time="0.022"/>
  <testcase name="setWeight with non-numeric string clears scaled nutrition" classname="com.delve.hungrywalrus.integration.AddEntryViewModelIntegrationTest" time="0.005"/>
  <testcase name="setWeight for recipe computes proportional nutrition based on recipe totals" classname="com.delve.hungrywalrus.integration.AddEntryViewModelIntegrationTest" time="0.006"/>
  <testcase name="searchOff with results updates state to Results" classname="com.delve.hungrywalrus.integration.AddEntryViewModelIntegrationTest" time="0.012"/>
  <testcase name="saveEntry creates LogEntry with recipe-scaled values" classname="com.delve.hungrywalrus.integration.AddEntryViewModelIntegrationTest" time="0.012"/>
  <testcase name="setWeight with very large value does not crash and produces large scaled result" classname="com.delve.hungrywalrus.integration.AddEntryViewModelIntegrationTest" time="0.006"/>
  <testcase name="setWeight with 100g returns values equal to per-100g reference" classname="com.delve.hungrywalrus.integration.AddEntryViewModelIntegrationTest" time="0.006"/>
  <testcase name="setWeight with 200g produces correctly scaled nutrition for API food" classname="com.delve.hungrywalrus.integration.AddEntryViewModelIntegrationTest" time="0.007"/>
  <testcase name="food with missing kcal cannot produce scaled nutrition until override applied" classname="com.delve.hungrywalrus.integration.AddEntryViewModelIntegrationTest" time="0.006"/>
  <testcase name="setWeight with negative value does not produce scaled nutrition" classname="com.delve.hungrywalrus.integration.AddEntryViewModelIntegrationTest" time="0.006"/>
  <testcase name="setWeight with zero does not compute scaled nutrition" classname="com.delve.hungrywalrus.integration.AddEntryViewModelIntegrationTest" time="0.006"/>
  <system-out><![CDATA[]]></system-out>
  <system-err><![CDATA[]]></system-err>
</testsuite>
