<?xml version="1.0" encoding="UTF-8"?>
<testsuite name="com.delve.hungrywalrus.integration.DataRetentionIntegrationTest" tests="8" skipped="0" failures="0" errors="0" timestamp="2026-03-21T20:06:13" hostname="ravenclaw" time="0.426">
  <properties/>
  <testcase name="a log entry 731 days old would have timestamp older than deletion threshold" classname="com.delve.hungrywalrus.integration.DataRetentionIntegrationTest" time="0.369"/>
  <testcase name="log retention threshold is exactly 730 days in the past" classname="com.delve.hungrywalrus.integration.DataRetentionIntegrationTest" time="0.018"/>
  <testcase name="doWork returns retry when logEntryDao throws" classname="com.delve.hungrywalrus.integration.DataRetentionIntegrationTest" time="0.009"/>
  <testcase name="a log entry 729 days old would not be deleted" classname="com.delve.hungrywalrus.integration.DataRetentionIntegrationTest" time="0.009"/>
  <testcase name="doWork returns retry when foodCacheDao throws" classname="com.delve.hungrywalrus.integration.DataRetentionIntegrationTest" time="0.005"/>
  <testcase name="worker does not call any recipe deletion method" classname="com.delve.hungrywalrus.integration.DataRetentionIntegrationTest" time="0.008"/>
  <testcase name="doWork returns success when both DAOs succeed" classname="com.delve.hungrywalrus.integration.DataRetentionIntegrationTest" time="0.003"/>
  <testcase name="food cache retention threshold is exactly 30 days in the past" classname="com.delve.hungrywalrus.integration.DataRetentionIntegrationTest" time="0.005"/>
  <system-out><![CDATA[]]></system-out>
  <system-err><![CDATA[]]></system-err>
</testsuite>
