<?xml version="1.0" encoding="UTF-8"?>
<testsuite name="com.delve.hungrywalrus.data.remote.usda.UsdaResponseMapperTest" tests="5" skipped="0" failures="0" errors="0" timestamp="2026-03-20T08:52:17" hostname="ravenclaw" time="0.015">
  <properties/>
  <testcase name="mapFood with all nutrients missing returns all nulls and full missingFields" classname="com.delve.hungrywalrus.data.remote.usda.UsdaResponseMapperTest" time="0.013"/>
  <testcase name="mapFood with all nutrients present returns complete result" classname="com.delve.hungrywalrus.data.remote.usda.UsdaResponseMapperTest" time="0.001"/>
  <testcase name="mapFoods maps list of foods correctly" classname="com.delve.hungrywalrus.data.remote.usda.UsdaResponseMapperTest" time="0.0"/>
  <testcase name="mapFood with null nutrient value treats as missing" classname="com.delve.hungrywalrus.data.remote.usda.UsdaResponseMapperTest" time="0.0"/>
  <testcase name="mapFood with some missing nutrients returns nulls and populates missingFields" classname="com.delve.hungrywalrus.data.remote.usda.UsdaResponseMapperTest" time="0.0"/>
  <system-out><![CDATA[]]></system-out>
  <system-err><![CDATA[]]></system-err>
</testsuite>
