<?xml version="1.0" encoding="UTF-8"?>
<testsuite name="com.delve.hungrywalrus.integration.RepositoryToViewModelIntegrationTest" tests="7" skipped="0" failures="0" errors="0" timestamp="2026-03-22T14:56:11" hostname="ravenclaw" time="0.141">
  <properties/>
  <testcase name="DailyProgressViewModel entries are sorted descending by timestamp" classname="com.delve.hungrywalrus.integration.RepositoryToViewModelIntegrationTest" time="0.045"/>
  <testcase name="SummariesViewModel switches to 28-day period when tab changed" classname="com.delve.hungrywalrus.integration.RepositoryToViewModelIntegrationTest" time="0.046"/>
  <testcase name="DailyProgressViewModel shows null plan and zero totals when no plan configured" classname="com.delve.hungrywalrus.integration.RepositoryToViewModelIntegrationTest" time="0.01"/>
  <testcase name="SummariesViewModel produces NoPlan state when no plan configured for any day" classname="com.delve.hungrywalrus.integration.RepositoryToViewModelIntegrationTest" time="0.012"/>
  <testcase name="SummariesViewModel calculates correct daily average for 7-day period" classname="com.delve.hungrywalrus.integration.RepositoryToViewModelIntegrationTest" time="0.009"/>
  <testcase name="SummariesViewModel produces Content state with correct totalTarget when plan is fully configured" classname="com.delve.hungrywalrus.integration.RepositoryToViewModelIntegrationTest" time="0.009"/>
  <testcase name="DailyProgressViewModel combines plan and entries from repository into Content state" classname="com.delve.hungrywalrus.integration.RepositoryToViewModelIntegrationTest" time="0.01"/>
  <system-out><![CDATA[]]></system-out>
  <system-err><![CDATA[]]></system-err>
</testsuite>
