<?xml version="1.0" encoding="UTF-8"?>
<testsuite name="com.delve.hungrywalrus.util.FormatterEdgeCaseTest" tests="18" skipped="0" failures="0" errors="0" timestamp="2026-03-21T20:06:15" hostname="ravenclaw" time="0.012">
  <properties/>
  <testcase name="roundMacro rounds 0_25 up to 0_5 with half-up rounding" classname="com.delve.hungrywalrus.util.FormatterEdgeCaseTest" time="0.004"/>
  <testcase name="formatMacro rounds 0_25 up to 0_5 with half-up rounding" classname="com.delve.hungrywalrus.util.FormatterEdgeCaseTest" time="0.002"/>
  <testcase name="roundMacro is idempotent on already rounded values" classname="com.delve.hungrywalrus.util.FormatterEdgeCaseTest" time="0.0"/>
  <testcase name="formatMacro handles large macro value" classname="com.delve.hungrywalrus.util.FormatterEdgeCaseTest" time="0.0"/>
  <testcase name="formatKcal rounds 0_5 up (half-up rounding)" classname="com.delve.hungrywalrus.util.FormatterEdgeCaseTest" time="0.001"/>
  <testcase name="formatMacro rounds 0_24 down to 0_0" classname="com.delve.hungrywalrus.util.FormatterEdgeCaseTest" time="0.0"/>
  <testcase name="formatTime returns HH_mm formatted string" classname="com.delve.hungrywalrus.util.FormatterEdgeCaseTest" time="0.002"/>
  <testcase name="formatKcal handles negative value without throwing" classname="com.delve.hungrywalrus.util.FormatterEdgeCaseTest" time="0.0"/>
  <testcase name="formatMacro preserves one decimal place for whole numbers" classname="com.delve.hungrywalrus.util.FormatterEdgeCaseTest" time="0.001"/>
  <testcase name="formatKcal handles large value with comma separator" classname="com.delve.hungrywalrus.util.FormatterEdgeCaseTest" time="0.0"/>
  <testcase name="formatDate epoch millis returns parseable date string" classname="com.delve.hungrywalrus.util.FormatterEdgeCaseTest" time="0.001"/>
  <testcase name="roundMacro rounds 0_75 up to 1_0" classname="com.delve.hungrywalrus.util.FormatterEdgeCaseTest" time="0.0"/>
  <testcase name="formatTime pads single digit hour and minute with leading zero" classname="com.delve.hungrywalrus.util.FormatterEdgeCaseTest" time="0.0"/>
  <testcase name="formatDate LocalDate and epoch millis overloads produce same result for same date" classname="com.delve.hungrywalrus.util.FormatterEdgeCaseTest" time="0.0"/>
  <testcase name="roundKcal is unchanged for whole numbers" classname="com.delve.hungrywalrus.util.FormatterEdgeCaseTest" time="0.0"/>
  <testcase name="formatMacro rounds 0_26 up to 0_5" classname="com.delve.hungrywalrus.util.FormatterEdgeCaseTest" time="0.001"/>
  <testcase name="roundMacro rounds 0_24 down to 0_0" classname="com.delve.hungrywalrus.util.FormatterEdgeCaseTest" time="0.0"/>
  <testcase name="roundKcal rounds 0_5 up" classname="com.delve.hungrywalrus.util.FormatterEdgeCaseTest" time="0.0"/>
  <system-out><![CDATA[]]></system-out>
  <system-err><![CDATA[]]></system-err>
</testsuite>
