<?xml version="1.0" encoding="UTF-8"?>
<testsuite name="com.delve.hungrywalrus.ui.navigation.RoutesTest" tests="5" skipped="0" failures="0" errors="0" timestamp="2026-03-20T08:52:21" hostname="ravenclaw" time="0.003">
  <properties/>
  <testcase name="logSearch builds correct route for off source" classname="com.delve.hungrywalrus.ui.navigation.RoutesTest" time="0.002"/>
  <testcase name="start destination is daily_progress" classname="com.delve.hungrywalrus.ui.navigation.RoutesTest" time="0.0"/>
  <testcase name="recipeDetail builds correct route with id" classname="com.delve.hungrywalrus.ui.navigation.RoutesTest" time="0.0"/>
  <testcase name="logSearch builds correct route for usda source" classname="com.delve.hungrywalrus.ui.navigation.RoutesTest" time="0.0"/>
  <testcase name="recipeEdit builds correct route with id" classname="com.delve.hungrywalrus.ui.navigation.RoutesTest" time="0.0"/>
  <system-out><![CDATA[]]></system-out>
  <system-err><![CDATA[]]></system-err>
</testsuite>
