<?xml version="1.0" encoding="UTF-8"?>
<testsuite name="com.delve.hungrywalrus.domain.usecase.ComputeRollingSummaryUseCaseEdgeCaseTest" tests="11" skipped="0" failures="0" errors="0" timestamp="2026-03-21T20:06:13" hostname="ravenclaw" time="0.005">
  <properties/>
  <testcase name="result startDate and endDate match inputs" classname="com.delve.hungrywalrus.domain.usecase.ComputeRollingSummaryUseCaseEdgeCaseTest" time="0.002"/>
  <testcase name="throws when start is after end" classname="com.delve.hungrywalrus.domain.usecase.ComputeRollingSummaryUseCaseEdgeCaseTest" time="0.001"/>
  <testcase name="periodDays for 7-day window is exactly 7" classname="com.delve.hungrywalrus.domain.usecase.ComputeRollingSummaryUseCaseEdgeCaseTest" time="0.0"/>
  <testcase name="totalTarget is null for 28-day window when any day is missing a plan" classname="com.delve.hungrywalrus.domain.usecase.ComputeRollingSummaryUseCaseEdgeCaseTest" time="0.0"/>
  <testcase name="total intake sums all entries regardless of date field on entry" classname="com.delve.hungrywalrus.domain.usecase.ComputeRollingSummaryUseCaseEdgeCaseTest" time="0.001"/>
  <testcase name="very large entry values are accumulated without overflow" classname="com.delve.hungrywalrus.domain.usecase.ComputeRollingSummaryUseCaseEdgeCaseTest" time="0.0"/>
  <testcase name="dailyAverage is zero for all nutrients when entries list is empty" classname="com.delve.hungrywalrus.domain.usecase.ComputeRollingSummaryUseCaseEdgeCaseTest" time="0.001"/>
  <testcase name="periodDays for 28-day window is exactly 28" classname="com.delve.hungrywalrus.domain.usecase.ComputeRollingSummaryUseCaseEdgeCaseTest" time="0.0"/>
  <testcase name="totalTarget is null when dailyPlans is empty map" classname="com.delve.hungrywalrus.domain.usecase.ComputeRollingSummaryUseCaseEdgeCaseTest" time="0.0"/>
  <testcase name="28-day window accumulates 28 days of plan targets" classname="com.delve.hungrywalrus.domain.usecase.ComputeRollingSummaryUseCaseEdgeCaseTest" time="0.0"/>
  <testcase name="mid-period plan change accumulates different targets for each day" classname="com.delve.hungrywalrus.domain.usecase.ComputeRollingSummaryUseCaseEdgeCaseTest" time="0.0"/>
  <system-out><![CDATA[]]></system-out>
  <system-err><![CDATA[]]></system-err>
</testsuite>
