<?xml version="1.0" encoding="UTF-8"?>
<testsuite name="com.delve.hungrywalrus.domain.usecase.ValidateFoodDataUseCaseEdgeCaseTest" tests="9" skipped="0" failures="0" errors="0" timestamp="2026-03-22T14:56:10" hostname="ravenclaw" time="0.003">
  <properties/>
  <testcase name="applyOverrides called multiple times is idempotent when values unchanged" classname="com.delve.hungrywalrus.domain.usecase.ValidateFoodDataUseCaseEdgeCaseTest" time="0.0"/>
  <testcase name="applyOverrides accepts zero as a valid override for kcal" classname="com.delve.hungrywalrus.domain.usecase.ValidateFoodDataUseCaseEdgeCaseTest" time="0.0"/>
  <testcase name="entry cannot be considered complete until all missing fields are overridden" classname="com.delve.hungrywalrus.domain.usecase.ValidateFoodDataUseCaseEdgeCaseTest" time="0.0"/>
  <testcase name="isComplete returns false when all four fields are missing" classname="com.delve.hungrywalrus.domain.usecase.ValidateFoodDataUseCaseEdgeCaseTest" time="0.0"/>
  <testcase name="isComplete returns true when all four fields are present" classname="com.delve.hungrywalrus.domain.usecase.ValidateFoodDataUseCaseEdgeCaseTest" time="0.0"/>
  <testcase name="applyOverrides does not overwrite an existing non-null kcal with a non-null override" classname="com.delve.hungrywalrus.domain.usecase.ValidateFoodDataUseCaseEdgeCaseTest" time="0.0"/>
  <testcase name="missingFields remains non-empty when not all missing fields are filled" classname="com.delve.hungrywalrus.domain.usecase.ValidateFoodDataUseCaseEdgeCaseTest" time="0.0"/>
  <testcase name="applyOverrides preserves existing non-null kcal when override is null" classname="com.delve.hungrywalrus.domain.usecase.ValidateFoodDataUseCaseEdgeCaseTest" time="0.001"/>
  <testcase name="applyOverrides accepts zero for all macros simultaneously" classname="com.delve.hungrywalrus.domain.usecase.ValidateFoodDataUseCaseEdgeCaseTest" time="0.0"/>
  <system-out><![CDATA[]]></system-out>
  <system-err><![CDATA[]]></system-err>
</testsuite>
