<?xml version="1.0" encoding="UTF-8"?>
<testsuite name="com.delve.hungrywalrus.ui.screen.dailyprogress.DailyProgressViewModelTest" tests="4" skipped="0" failures="0" errors="0" timestamp="2026-03-26T08:41:12" hostname="ravenclaw" time="0.024">
  <properties/>
  <testcase name="initial state is Loading" classname="com.delve.hungrywalrus.ui.screen.dailyprogress.DailyProgressViewModelTest" time="0.004"/>
  <testcase name="deleteEntry calls repository" classname="com.delve.hungrywalrus.ui.screen.dailyprogress.DailyProgressViewModelTest" time="0.006"/>
  <testcase name="emits Content with totals when data available" classname="com.delve.hungrywalrus.ui.screen.dailyprogress.DailyProgressViewModelTest" time="0.007"/>
  <testcase name="emits Content with null plan when no plan configured" classname="com.delve.hungrywalrus.ui.screen.dailyprogress.DailyProgressViewModelTest" time="0.006"/>
  <system-out><![CDATA[]]></system-out>
  <system-err><![CDATA[]]></system-err>
</testsuite>
