<?xml version="1.0" encoding="UTF-8"?>
<testsuite name="com.delve.hungrywalrus.integration.RepositoryToViewModelIntegrationTest" tests="7" skipped="0" failures="0" errors="0" timestamp="2026-03-21T20:06:14" hostname="ravenclaw" time="0.176">
  <properties/>
  <testcase name="DailyProgressViewModel entries are sorted descending by timestamp" classname="com.delve.hungrywalrus.integration.RepositoryToViewModelIntegrationTest" time="0.079"/>
  <testcase name="SummariesViewModel switches to 28-day period when tab changed" classname="com.delve.hungrywalrus.integration.RepositoryToViewModelIntegrationTest" time="0.049"/>
  <testcase name="DailyProgressViewModel shows null plan and zero totals when no plan configured" classname="com.delve.hungrywalrus.integration.RepositoryToViewModelIntegrationTest" time="0.011"/>
  <testcase name="SummariesViewModel produces NoPlan state when no plan configured for any day" classname="com.delve.hungrywalrus.integration.RepositoryToViewModelIntegrationTest" time="0.008"/>
  <testcase name="SummariesViewModel calculates correct daily average for 7-day period" classname="com.delve.hungrywalrus.integration.RepositoryToViewModelIntegrationTest" time="0.01"/>
  <testcase name="SummariesViewModel produces Content state with correct totalTarget when plan is fully configured" classname="com.delve.hungrywalrus.integration.RepositoryToViewModelIntegrationTest" time="0.009"/>
  <testcase name="DailyProgressViewModel combines plan and entries from repository into Content state" classname="com.delve.hungrywalrus.integration.RepositoryToViewModelIntegrationTest" time="0.009"/>
  <system-out><![CDATA[]]></system-out>
  <system-err><![CDATA[]]></system-err>
</testsuite>
