<?xml version="1.0" encoding="UTF-8"?>
<testsuite name="com.delve.hungrywalrus.ui.screen.recipes.RecipeListViewModelTest" tests="3" skipped="0" failures="0" errors="0" timestamp="2026-03-22T14:56:11" hostname="ravenclaw" time="0.018">
  <properties/>
  <testcase name="initial state is Loading" classname="com.delve.hungrywalrus.ui.screen.recipes.RecipeListViewModelTest" time="0.007"/>
  <testcase name="emits Content with recipes" classname="com.delve.hungrywalrus.ui.screen.recipes.RecipeListViewModelTest" time="0.006"/>
  <testcase name="deleteRecipe calls repository" classname="com.delve.hungrywalrus.ui.screen.recipes.RecipeListViewModelTest" time="0.005"/>
  <system-out><![CDATA[]]></system-out>
  <system-err><![CDATA[]]></system-err>
</testsuite>
