<?xml version="1.0" encoding="UTF-8"?>
<testsuite name="com.delve.hungrywalrus.ui.navigation.BottomNavItemTest" tests="3" skipped="0" failures="0" errors="0" timestamp="2026-03-20T08:52:21" hostname="ravenclaw" time="0.035">
  <properties/>
  <testcase name="bottom nav has exactly four items" classname="com.delve.hungrywalrus.ui.navigation.BottomNavItemTest" time="0.035"/>
  <testcase name="bottom nav items have correct labels" classname="com.delve.hungrywalrus.ui.navigation.BottomNavItemTest" time="0.0"/>
  <testcase name="bottom nav items have correct routes" classname="com.delve.hungrywalrus.ui.navigation.BottomNavItemTest" time="0.0"/>
  <system-out><![CDATA[]]></system-out>
  <system-err><![CDATA[]]></system-err>
</testsuite>
