<?xml version="1.0" encoding="UTF-8"?>
<testsuite name="com.delve.hungrywalrus.data.repository.RecipeRepositoryImplTest" tests="8" skipped="0" failures="0" errors="0" timestamp="2026-03-20T11:36:33" hostname="ravenclaw" time="0.844">
  <properties/>
  <testcase name="getRecipeWithIngredients returns mapped domain model when recipe exists" classname="com.delve.hungrywalrus.data.repository.RecipeRepositoryImplTest" time="0.451"/>
  <testcase name="updateRecipe deletes old ingredients before inserting new ones" classname="com.delve.hungrywalrus.data.repository.RecipeRepositoryImplTest" time="0.086"/>
  <testcase name="saveRecipe returns the DAO-generated recipe ID" classname="com.delve.hungrywalrus.data.repository.RecipeRepositoryImplTest" time="0.06"/>
  <testcase name="updateRecipe inserts new ingredients with the recipe id" classname="com.delve.hungrywalrus.data.repository.RecipeRepositoryImplTest" time="0.05"/>
  <testcase name="getRecipeWithIngredients returns null in flow when recipe does not exist" classname="com.delve.hungrywalrus.data.repository.RecipeRepositoryImplTest" time="0.05"/>
  <testcase name="saveRecipe uses DAO-generated ID for ingredient inserts, not recipe id field" classname="com.delve.hungrywalrus.data.repository.RecipeRepositoryImplTest" time="0.049"/>
  <testcase name="deleteRecipe calls DAO with correct id" classname="com.delve.hungrywalrus.data.repository.RecipeRepositoryImplTest" time="0.048"/>
  <testcase name="getAllRecipes returns mapped domain list from DAO" classname="com.delve.hungrywalrus.data.repository.RecipeRepositoryImplTest" time="0.049"/>
  <system-out><![CDATA[]]></system-out>
  <system-err><![CDATA[]]></system-err>
</testsuite>
